[2025-10-22 13:11:58] Starting weekly validation...
[2025-10-22 13:11:58] weekly type validated...
[2025-10-22 13:11:58] Creating backup directory...
[2025-10-22 13:11:58] Starting weekly backup...
[2025-10-22 13:11:58] ERROR: Failed to copy DB dump.
[2025-10-22 13:12:08] Starting weekly validation...
[2025-10-22 13:12:08] weekly type validated...
[2025-10-22 13:12:08] Creating backup directory...
[2025-10-22 13:12:08] Starting weekly backup...
[2025-10-22 13:12:08] ERROR: Failed to copy DB dump.
[2025-10-22 13:14:22] Starting weekly validation...
[2025-10-22 13:14:22] weekly type validated...
[2025-10-22 13:14:23] Creating backup directory...
[2025-10-22 13:14:23] Starting weekly backup...
[2025-10-22 13:14:23] ERROR: Failed to create archive.
[2025-10-22 13:19:18] Starting weekly validation...
[2025-10-22 13:19:18] weekly type validated...
[2025-10-22 13:19:18] Creating backup directory...
[2025-10-22 13:19:18] Starting weekly backup...
[2025-10-22 13:19:18] ERROR: Failed to create archive.
[2025-10-22 13:21:47] Starting weekly validation...
[2025-10-22 13:21:47] weekly type validated...
[2025-10-22 13:21:47] Creating backup directory...
[2025-10-22 13:21:47] Starting weekly backup...
tar: tmp_weekly_2025-10-22: Cannot open: No such file or directory
tar: Error is not recoverable: exiting now
[2025-10-22 13:21:47] ERROR: Failed to create archive.
[2025-10-22 13:23:53] Starting weekly validation...
[2025-10-22 13:23:53] weekly type validated...
[2025-10-22 13:23:53] Creating backup directory...
[2025-10-22 13:23:53] Starting weekly backup...
tar: tmp_weekly_2025-10-22: Cannot open: No such file or directory
tar: Error is not recoverable: exiting now
[2025-10-22 13:23:53] ERROR: Failed to create archive.
[2025-10-22 13:30:24] Starting weekly validation...
[2025-10-22 13:30:24] weekly type validated...
[2025-10-22 13:30:25] Creating backup directory...
[2025-10-22 13:30:25] Starting weekly backup...
[2025-10-22 13:30:25] Backup stored: ./backups/weekly/weekly_backup_2025-10-22.tar.gz
[2025-10-22 13:30:25] TMP files deleted.
[2025-10-22 13:33:00] Starting monthly validation...
[2025-10-22 13:33:00] monthly type validated...
[2025-10-22 13:33:00] Creating backup directory...
[2025-10-22 13:33:00] Starting monthly backup...
[2025-10-22 13:33:00] Backup stored: ./backups/monthly/monthly_backup_2025-10-22.tar.gz
[2025-10-22 13:33:01] TMP files deleted.
[2025-10-22 13:40:18] Starting yearly validation...
[2025-10-22 13:40:18] yearly type validated...
[2025-10-22 13:40:18] Creating backup directory...
[2025-10-22 13:40:18] Starting yearly backup...
[2025-10-22 13:40:35] Starting yearly validation...
[2025-10-22 13:40:35] yearly type validated...
[2025-10-22 13:40:35] Creating backup directory...
[2025-10-22 13:40:35] Starting yearly backup...
[2025-10-22 13:40:35] Backup stored: ./backups/yearly/yearly_backup_2025-10-22.tar.gz
[2025-10-22 13:40:35] TMP files deleted.
